c:\users\sonya\modernsigninuicpp\modernsigninuicpp\x64\debug\vc143.pdb
c:\users\sonya\modernsigninuicpp\modernsigninuicpp\x64\debug\.netframework,version=v4.7.2.assemblyattributes.obj
c:\users\sonya\modernsigninuicpp\modernsigninuicpp\x64\debug\myformofmainmenuuser.obj
c:\users\sonya\modernsigninuicpp\modernsigninuicpp\x64\debug\myformofmainmenuadmin.obj
c:\users\sonya\modernsigninuicpp\modernsigninuicpp\x64\debug\myformfortesting.obj
c:\users\sonya\modernsigninuicpp\modernsigninuicpp\x64\debug\myformforregistration.obj
c:\users\sonya\modernsigninuicpp\modernsigninuicpp\x64\debug\myformforeditingmain.obj
c:\users\sonya\modernsigninuicpp\modernsigninuicpp\x64\debug\myformforediting4.obj
c:\users\sonya\modernsigninuicpp\modernsigninuicpp\x64\debug\myformforediting3.obj
c:\users\sonya\modernsigninuicpp\modernsigninuicpp\x64\debug\myformforediting2.obj
c:\users\sonya\modernsigninuicpp\modernsigninuicpp\x64\debug\myformforediting.obj
c:\users\sonya\modernsigninuicpp\modernsigninuicpp\x64\debug\myform.obj
c:\users\sonya\modernsigninuicpp\modernsigninuicpp\x64\debug\greetingform.obj
c:\users\sonya\modernsigninuicpp\x64\debug\modernsigninuicpp.exe
c:\users\sonya\modernsigninuicpp\x64\debug\modernsigninuicpp.pdb
c:\users\sonya\modernsigninuicpp\modernsigninuicpp\x64\debug\modernsi.bfa13a16.tlog\cl.command.1.tlog
c:\users\sonya\modernsigninuicpp\modernsigninuicpp\x64\debug\modernsi.bfa13a16.tlog\cl.read.1.tlog
c:\users\sonya\modernsigninuicpp\modernsigninuicpp\x64\debug\modernsi.bfa13a16.tlog\cl.write.1.tlog
c:\users\sonya\modernsigninuicpp\modernsigninuicpp\x64\debug\modernsi.bfa13a16.tlog\link.command.1.tlog
c:\users\sonya\modernsigninuicpp\modernsigninuicpp\x64\debug\modernsi.bfa13a16.tlog\link.read.1.tlog
c:\users\sonya\modernsigninuicpp\modernsigninuicpp\x64\debug\modernsi.bfa13a16.tlog\link.write.1.tlog
c:\users\sonya\modernsigninuicpp\modernsigninuicpp\x64\debug\modernsi.bfa13a16.tlog\metagen.read.1.tlog
c:\users\sonya\modernsigninuicpp\modernsigninuicpp\x64\debug\modernsi.bfa13a16.tlog\metagen.write.1.tlog
c:\users\sonya\modernsigninuicpp\modernsigninuicpp\x64\debug\modernsi.bfa13a16.tlog\resgen.command.1.tlog
c:\users\sonya\modernsigninuicpp\modernsigninuicpp\x64\debug\modernsi.bfa13a16.tlog\resgen.read.1.tlog
c:\users\sonya\modernsigninuicpp\modernsigninuicpp\x64\debug\modernsi.bfa13a16.tlog\resgen.write.1.tlog
