  GreetingForm.cpp
C:\Users\sonya\modernsigninuicpp\modernsigninuicpp\MyForm.h(1,10): warning C4067: unexpected tokens following preprocessor directive - expected a newline
C:\Users\sonya\modernsigninuicpp\modernsigninuicpp\MyFormForRegistration.h(503,21): warning C4477: 'sprintf' : format string '%s' requires an argument of type 'char *', but variadic argument 1 has type 'System::String ^'
C:\Users\sonya\modernsigninuicpp\modernsigninuicpp\MyFormForRegistration.h(506,21): warning C4477: 'sprintf' : format string '%s' requires an argument of type 'char *', but variadic argument 1 has type 'System::String ^'
C:\Users\sonya\modernsigninuicpp\modernsigninuicpp\MyFormForRegistration.h(515,22): warning C4477: 'sprintf' : format string '%s' requires an argument of type 'char *', but variadic argument 2 has type 'System::String ^'
C:\Users\sonya\modernsigninuicpp\modernsigninuicpp\MyFormForRegistration.h(503,3): warning C4996: 'sprintf': This function or variable may be unsafe. Consider using sprintf_s instead. To disable deprecation, use _CRT_SECURE_NO_WARNINGS. See online help for details.
C:\Users\sonya\modernsigninuicpp\modernsigninuicpp\MyFormForRegistration.h(506,3): warning C4996: 'sprintf': This function or variable may be unsafe. Consider using sprintf_s instead. To disable deprecation, use _CRT_SECURE_NO_WARNINGS. See online help for details.
C:\Users\sonya\modernsigninuicpp\modernsigninuicpp\MyFormForRegistration.h(508,3): warning C4996: 'strcpy': This function or variable may be unsafe. Consider using strcpy_s instead. To disable deprecation, use _CRT_SECURE_NO_WARNINGS. See online help for details.
C:\Users\sonya\modernsigninuicpp\modernsigninuicpp\MyFormForRegistration.h(509,3): warning C4996: 'strcpy': This function or variable may be unsafe. Consider using strcpy_s instead. To disable deprecation, use _CRT_SECURE_NO_WARNINGS. See online help for details.
C:\Users\sonya\modernsigninuicpp\modernsigninuicpp\MyFormForRegistration.h(512,18): warning C4996: 'mkdir': The POSIX name for this item is deprecated. Instead, use the ISO C and C++ conformant name: _mkdir. See online help for details.
C:\Users\sonya\modernsigninuicpp\modernsigninuicpp\MyFormForRegistration.h(515,3): warning C4996: 'sprintf': This function or variable may be unsafe. Consider using sprintf_s instead. To disable deprecation, use _CRT_SECURE_NO_WARNINGS. See online help for details.
C:\Users\sonya\modernsigninuicpp\modernsigninuicpp\MyFormForRegistration.h(522,14): warning C4996: 'fopen': This function or variable may be unsafe. Consider using fopen_s instead. To disable deprecation, use _CRT_SECURE_NO_WARNINGS. See online help for details.
C:\Users\sonya\modernsigninuicpp\modernsigninuicpp\MyFormForRegistration.h(524,9): warning C4996: 'fopen': This function or variable may be unsafe. Consider using fopen_s instead. To disable deprecation, use _CRT_SECURE_NO_WARNINGS. See online help for details.
C:\Users\sonya\modernsigninuicpp\modernsigninuicpp\MyFormOfMainMenuAdmin.h(1,10): warning C4067: unexpected tokens following preprocessor directive - expected a newline
C:\Users\sonya\modernsigninuicpp\modernsigninuicpp\MyFormForTesting.h(377,9): warning C4996: 'fopen': This function or variable may be unsafe. Consider using fopen_s instead. To disable deprecation, use _CRT_SECURE_NO_WARNINGS. See online help for details.
C:\Users\sonya\modernsigninuicpp\modernsigninuicpp\MyFormForTesting.h(385,6): warning C4996: 'sprintf': This function or variable may be unsafe. Consider using sprintf_s instead. To disable deprecation, use _CRT_SECURE_NO_WARNINGS. See online help for details.
C:\Users\sonya\modernsigninuicpp\modernsigninuicpp\MyFormForTesting.h(388,8): warning C4996: 'sscanf': This function or variable may be unsafe. Consider using sscanf_s instead. To disable deprecation, use _CRT_SECURE_NO_WARNINGS. See online help for details.
C:\Users\sonya\modernsigninuicpp\modernsigninuicpp\MyFormForTesting.h(434,9): warning C4996: 'fopen': This function or variable may be unsafe. Consider using fopen_s instead. To disable deprecation, use _CRT_SECURE_NO_WARNINGS. See online help for details.
C:\Users\sonya\modernsigninuicpp\modernsigninuicpp\MyFormForTesting.h(439,5): warning C4996: 'sprintf': This function or variable may be unsafe. Consider using sprintf_s instead. To disable deprecation, use _CRT_SECURE_NO_WARNINGS. See online help for details.
C:\Users\sonya\modernsigninuicpp\modernsigninuicpp\MyFormForTesting.h(442,7): warning C4996: 'sscanf': This function or variable may be unsafe. Consider using sscanf_s instead. To disable deprecation, use _CRT_SECURE_NO_WARNINGS. See online help for details.
C:\Users\sonya\modernsigninuicpp\modernsigninuicpp\MyFormForTesting.h(459,9): warning C4996: 'fopen': This function or variable may be unsafe. Consider using fopen_s instead. To disable deprecation, use _CRT_SECURE_NO_WARNINGS. See online help for details.
C:\Users\sonya\modernsigninuicpp\modernsigninuicpp\MyFormForTesting.h(464,5): warning C4996: 'sprintf': This function or variable may be unsafe. Consider using sprintf_s instead. To disable deprecation, use _CRT_SECURE_NO_WARNINGS. See online help for details.
C:\Users\sonya\modernsigninuicpp\modernsigninuicpp\MyFormForTesting.h(467,7): warning C4996: 'sscanf': This function or variable may be unsafe. Consider using sscanf_s instead. To disable deprecation, use _CRT_SECURE_NO_WARNINGS. See online help for details.
C:\Users\sonya\modernsigninuicpp\modernsigninuicpp\MyFormForTesting.h(481,9): warning C4996: 'fopen': This function or variable may be unsafe. Consider using fopen_s instead. To disable deprecation, use _CRT_SECURE_NO_WARNINGS. See online help for details.
C:\Users\sonya\modernsigninuicpp\modernsigninuicpp\MyFormForTesting.h(486,5): warning C4996: 'sprintf': This function or variable may be unsafe. Consider using sprintf_s instead. To disable deprecation, use _CRT_SECURE_NO_WARNINGS. See online help for details.
C:\Users\sonya\modernsigninuicpp\modernsigninuicpp\MyFormForTesting.h(489,7): warning C4996: 'sscanf': This function or variable may be unsafe. Consider using sscanf_s instead. To disable deprecation, use _CRT_SECURE_NO_WARNINGS. See online help for details.
C:\Users\sonya\modernsigninuicpp\modernsigninuicpp\MyFormForTesting.h(501,9): warning C4996: 'fopen': This function or variable may be unsafe. Consider using fopen_s instead. To disable deprecation, use _CRT_SECURE_NO_WARNINGS. See online help for details.
C:\Users\sonya\modernsigninuicpp\modernsigninuicpp\MyFormForTesting.h(506,11): warning C4996: 'sscanf': This function or variable may be unsafe. Consider using sscanf_s instead. To disable deprecation, use _CRT_SECURE_NO_WARNINGS. See online help for details.
C:\Users\sonya\modernsigninuicpp\modernsigninuicpp\MyFormForTesting.h(682,21): warning C4477: 'sprintf' : format string '%s' requires an argument of type 'char *', but variadic argument 2 has type 'System::String ^'
C:\Users\sonya\modernsigninuicpp\modernsigninuicpp\MyFormForTesting.h(694,16): warning C4477: 'fprintf' : format string '%s' requires an argument of type 'char *', but variadic argument 2 has type 'System::String ^'
C:\Users\sonya\modernsigninuicpp\modernsigninuicpp\MyFormForTesting.h(696,17): warning C4477: 'fprintf' : format string '%s' requires an argument of type 'char *', but variadic argument 2 has type 'System::String ^'
C:\Users\sonya\modernsigninuicpp\modernsigninuicpp\MyFormForTesting.h(680,12): warning C4996: 'mkdir': The POSIX name for this item is deprecated. Instead, use the ISO C and C++ conformant name: _mkdir. See online help for details.
C:\Users\sonya\modernsigninuicpp\modernsigninuicpp\MyFormForTesting.h(682,2): warning C4996: 'sprintf': This function or variable may be unsafe. Consider using sprintf_s instead. To disable deprecation, use _CRT_SECURE_NO_WARNINGS. See online help for details.
C:\Users\sonya\modernsigninuicpp\modernsigninuicpp\MyFormForTesting.h(685,7): warning C4996: 'fopen': This function or variable may be unsafe. Consider using fopen_s instead. To disable deprecation, use _CRT_SECURE_NO_WARNINGS. See online help for details.
C:\Users\sonya\modernsigninuicpp\modernsigninuicpp\MyFormForTesting.h(717,11): warning C4996: 'fopen': This function or variable may be unsafe. Consider using fopen_s instead. To disable deprecation, use _CRT_SECURE_NO_WARNINGS. See online help for details.
C:\Users\sonya\modernsigninuicpp\modernsigninuicpp\MyFormForTesting.h(722,7): warning C4996: 'sprintf': This function or variable may be unsafe. Consider using sprintf_s instead. To disable deprecation, use _CRT_SECURE_NO_WARNINGS. See online help for details.
C:\Users\sonya\modernsigninuicpp\modernsigninuicpp\MyFormForTesting.h(726,9): warning C4996: 'sscanf': This function or variable may be unsafe. Consider using sscanf_s instead. To disable deprecation, use _CRT_SECURE_NO_WARNINGS. See online help for details.
C:\Users\sonya\modernsigninuicpp\modernsigninuicpp\MyFormForTesting.h(738,22): warning C4477: 'sprintf' : format string '%s' requires an argument of type 'char *', but variadic argument 2 has type 'System::String ^'
C:\Users\sonya\modernsigninuicpp\modernsigninuicpp\MyFormForTesting.h(738,6): warning C4996: 'sprintf': This function or variable may be unsafe. Consider using sprintf_s instead. To disable deprecation, use _CRT_SECURE_NO_WARNINGS. See online help for details.
C:\Users\sonya\modernsigninuicpp\modernsigninuicpp\MyFormForTesting.h(741,11): warning C4996: 'fopen': This function or variable may be unsafe. Consider using fopen_s instead. To disable deprecation, use _CRT_SECURE_NO_WARNINGS. See online help for details.
C:\Users\sonya\modernsigninuicpp\modernsigninuicpp\MyFormForTesting.h(746,7): warning C4996: 'sprintf': This function or variable may be unsafe. Consider using sprintf_s instead. To disable deprecation, use _CRT_SECURE_NO_WARNINGS. See online help for details.
C:\Users\sonya\modernsigninuicpp\modernsigninuicpp\MyFormForTesting.h(749,9): warning C4996: 'sscanf': This function or variable may be unsafe. Consider using sscanf_s instead. To disable deprecation, use _CRT_SECURE_NO_WARNINGS. See online help for details.
C:\Users\sonya\modernsigninuicpp\modernsigninuicpp\MyFormOfMainMenuAdmin.h(2,10): warning C4067: unexpected tokens following preprocessor directive - expected a newline
C:\Users\sonya\modernsigninuicpp\modernsigninuicpp\MyFormForEditingMain.h(2,10): warning C4067: unexpected tokens following preprocessor directive - expected a newline
C:\Users\sonya\modernsigninuicpp\modernsigninuicpp\MyFormForEditing.h(8,10): warning C4067: unexpected tokens following preprocessor directive - expected a newline
C:\Users\sonya\modernsigninuicpp\modernsigninuicpp\MyFormForEditing3.h(1,10): warning C4067: unexpected tokens following preprocessor directive - expected a newline
C:\Users\sonya\modernsigninuicpp\modernsigninuicpp\MyFormForEditing4.h(172,20): warning C4477: 'fprintf' : format string '%s' requires an argument of type 'char *', but variadic argument 1 has type 'System::String ^'
C:\Users\sonya\modernsigninuicpp\modernsigninuicpp\MyFormForEditing4.h(169,12): warning C4996: 'fopen': This function or variable may be unsafe. Consider using fopen_s instead. To disable deprecation, use _CRT_SECURE_NO_WARNINGS. See online help for details.
C:\Users\sonya\modernsigninuicpp\modernsigninuicpp\MyFormForEditing4.h(187,20): warning C4996: 'mkdir': The POSIX name for this item is deprecated. Instead, use the ISO C and C++ conformant name: _mkdir. See online help for details.
C:\Users\sonya\modernsigninuicpp\modernsigninuicpp\MyFormForEditing4.h(191,7): warning C4996: 'sprintf': This function or variable may be unsafe. Consider using sprintf_s instead. To disable deprecation, use _CRT_SECURE_NO_WARNINGS. See online help for details.
C:\Users\sonya\modernsigninuicpp\modernsigninuicpp\MyFormForEditing4.h(192,12): warning C4996: 'fopen': This function or variable may be unsafe. Consider using fopen_s instead. To disable deprecation, use _CRT_SECURE_NO_WARNINGS. See online help for details.
C:\Users\sonya\modernsigninuicpp\modernsigninuicpp\MyFormForEditing4.h(202,23): warning C4477: 'sprintf' : format string '%s' requires an argument of type 'char *', but variadic argument 2 has type 'System::String ^'
C:\Users\sonya\modernsigninuicpp\modernsigninuicpp\MyFormForEditing4.h(202,7): warning C4996: 'sprintf': This function or variable may be unsafe. Consider using sprintf_s instead. To disable deprecation, use _CRT_SECURE_NO_WARNINGS. See online help for details.
C:\Users\sonya\modernsigninuicpp\modernsigninuicpp\MyFormForEditing4.h(205,12): warning C4996: 'fopen': This function or variable may be unsafe. Consider using fopen_s instead. To disable deprecation, use _CRT_SECURE_NO_WARNINGS. See online help for details.
C:\Users\sonya\modernsigninuicpp\modernsigninuicpp\MyFormForEditing4.h(210,8): warning C4996: 'sprintf': This function or variable may be unsafe. Consider using sprintf_s instead. To disable deprecation, use _CRT_SECURE_NO_WARNINGS. See online help for details.
C:\Users\sonya\modernsigninuicpp\modernsigninuicpp\MyFormForEditing4.h(213,10): warning C4996: 'sscanf': This function or variable may be unsafe. Consider using sscanf_s instead. To disable deprecation, use _CRT_SECURE_NO_WARNINGS. See online help for details.
C:\Users\sonya\modernsigninuicpp\modernsigninuicpp\MyFormForEditing4.h(228,12): warning C4996: 'fopen': This function or variable may be unsafe. Consider using fopen_s instead. To disable deprecation, use _CRT_SECURE_NO_WARNINGS. See online help for details.
C:\Users\sonya\modernsigninuicpp\modernsigninuicpp\MyFormForEditing4.h(233,8): warning C4996: 'sprintf': This function or variable may be unsafe. Consider using sprintf_s instead. To disable deprecation, use _CRT_SECURE_NO_WARNINGS. See online help for details.
C:\Users\sonya\modernsigninuicpp\modernsigninuicpp\MyFormForEditing4.h(237,10): warning C4996: 'sscanf': This function or variable may be unsafe. Consider using sscanf_s instead. To disable deprecation, use _CRT_SECURE_NO_WARNINGS. See online help for details.
C:\Users\sonya\modernsigninuicpp\modernsigninuicpp\MyFormForEditing4.h(251,12): warning C4996: 'fopen': This function or variable may be unsafe. Consider using fopen_s instead. To disable deprecation, use _CRT_SECURE_NO_WARNINGS. See online help for details.
C:\Users\sonya\modernsigninuicpp\modernsigninuicpp\MyFormForEditing4.h(256,13): warning C4996: 'sscanf': This function or variable may be unsafe. Consider using sscanf_s instead. To disable deprecation, use _CRT_SECURE_NO_WARNINGS. See online help for details.
C:\Users\sonya\modernsigninuicpp\modernsigninuicpp\MyFormForEditing4.h(273,7): warning C4996: 'sprintf': This function or variable may be unsafe. Consider using sprintf_s instead. To disable deprecation, use _CRT_SECURE_NO_WARNINGS. See online help for details.
C:\Users\sonya\modernsigninuicpp\modernsigninuicpp\MyFormForEditing4.h(299,7): warning C4996: 'sprintf': This function or variable may be unsafe. Consider using sprintf_s instead. To disable deprecation, use _CRT_SECURE_NO_WARNINGS. See online help for details.
C:\Users\sonya\modernsigninuicpp\modernsigninuicpp\MyFormForEditing3.h(233,16): warning C4477: 'fprintf' : format string '%s' requires an argument of type 'char *', but variadic argument 1 has type 'System::String ^'
C:\Users\sonya\modernsigninuicpp\modernsigninuicpp\MyFormForEditing3.h(234,16): warning C4477: 'fprintf' : format string '%s' requires an argument of type 'char *', but variadic argument 1 has type 'System::String ^'
C:\Users\sonya\modernsigninuicpp\modernsigninuicpp\MyFormForEditing3.h(224,3): warning C4996: 'sprintf': This function or variable may be unsafe. Consider using sprintf_s instead. To disable deprecation, use _CRT_SECURE_NO_WARNINGS. See online help for details.
C:\Users\sonya\modernsigninuicpp\modernsigninuicpp\MyFormForEditing3.h(228,8): warning C4996: 'fopen': This function or variable may be unsafe. Consider using fopen_s instead. To disable deprecation, use _CRT_SECURE_NO_WARNINGS. See online help for details.
C:\Users\sonya\modernsigninuicpp\modernsigninuicpp\MyFormForEditing2.h(432,11): warning C4996: 'fopen': This function or variable may be unsafe. Consider using fopen_s instead. To disable deprecation, use _CRT_SECURE_NO_WARNINGS. See online help for details.
C:\Users\sonya\modernsigninuicpp\modernsigninuicpp\MyFormForEditing2.h(440,8): warning C4996: 'sprintf': This function or variable may be unsafe. Consider using sprintf_s instead. To disable deprecation, use _CRT_SECURE_NO_WARNINGS. See online help for details.
C:\Users\sonya\modernsigninuicpp\modernsigninuicpp\MyFormForEditing2.h(443,10): warning C4996: 'sscanf': This function or variable may be unsafe. Consider using sscanf_s instead. To disable deprecation, use _CRT_SECURE_NO_WARNINGS. See online help for details.
C:\Users\sonya\modernsigninuicpp\modernsigninuicpp\MyFormForEditing2.h(458,11): warning C4996: 'fopen': This function or variable may be unsafe. Consider using fopen_s instead. To disable deprecation, use _CRT_SECURE_NO_WARNINGS. See online help for details.
C:\Users\sonya\modernsigninuicpp\modernsigninuicpp\MyFormForEditing2.h(463,7): warning C4996: 'sprintf': This function or variable may be unsafe. Consider using sprintf_s instead. To disable deprecation, use _CRT_SECURE_NO_WARNINGS. See online help for details.
C:\Users\sonya\modernsigninuicpp\modernsigninuicpp\MyFormForEditing2.h(466,9): warning C4996: 'sscanf': This function or variable may be unsafe. Consider using sscanf_s instead. To disable deprecation, use _CRT_SECURE_NO_WARNINGS. See online help for details.
C:\Users\sonya\modernsigninuicpp\modernsigninuicpp\MyFormForEditing2.h(479,11): warning C4996: 'fopen': This function or variable may be unsafe. Consider using fopen_s instead. To disable deprecation, use _CRT_SECURE_NO_WARNINGS. See online help for details.
C:\Users\sonya\modernsigninuicpp\modernsigninuicpp\MyFormForEditing2.h(484,7): warning C4996: 'sprintf': This function or variable may be unsafe. Consider using sprintf_s instead. To disable deprecation, use _CRT_SECURE_NO_WARNINGS. See online help for details.
C:\Users\sonya\modernsigninuicpp\modernsigninuicpp\MyFormForEditing2.h(487,9): warning C4996: 'sscanf': This function or variable may be unsafe. Consider using sscanf_s instead. To disable deprecation, use _CRT_SECURE_NO_WARNINGS. See online help for details.
C:\Users\sonya\modernsigninuicpp\modernsigninuicpp\MyFormForEditing2.h(499,11): warning C4996: 'fopen': This function or variable may be unsafe. Consider using fopen_s instead. To disable deprecation, use _CRT_SECURE_NO_WARNINGS. See online help for details.
C:\Users\sonya\modernsigninuicpp\modernsigninuicpp\MyFormForEditing2.h(504,12): warning C4996: 'sscanf': This function or variable may be unsafe. Consider using sscanf_s instead. To disable deprecation, use _CRT_SECURE_NO_WARNINGS. See online help for details.
C:\Users\sonya\modernsigninuicpp\modernsigninuicpp\MyFormForEditing2.h(620,21): warning C4477: 'sprintf' : format string '%s' requires an argument of type 'char *', but variadic argument 3 has type 'System::String ^'
C:\Users\sonya\modernsigninuicpp\modernsigninuicpp\MyFormForEditing2.h(622,21): warning C4477: 'sprintf' : format string '%s' requires an argument of type 'char *', but variadic argument 3 has type 'System::String ^'
C:\Users\sonya\modernsigninuicpp\modernsigninuicpp\MyFormForEditing2.h(620,4): warning C4996: 'sprintf': This function or variable may be unsafe. Consider using sprintf_s instead. To disable deprecation, use _CRT_SECURE_NO_WARNINGS. See online help for details.
C:\Users\sonya\modernsigninuicpp\modernsigninuicpp\MyFormForEditing2.h(622,4): warning C4996: 'sprintf': This function or variable may be unsafe. Consider using sprintf_s instead. To disable deprecation, use _CRT_SECURE_NO_WARNINGS. See online help for details.
C:\Users\sonya\modernsigninuicpp\modernsigninuicpp\MyFormForEditing2.h(626,17): warning C4996: 'fopen': This function or variable may be unsafe. Consider using fopen_s instead. To disable deprecation, use _CRT_SECURE_NO_WARNINGS. See online help for details.
C:\Users\sonya\modernsigninuicpp\modernsigninuicpp\MyFormForEditing2.h(636,5): warning C4996: 'strcpy': This function or variable may be unsafe. Consider using strcpy_s instead. To disable deprecation, use _CRT_SECURE_NO_WARNINGS. See online help for details.
C:\Users\sonya\modernsigninuicpp\modernsigninuicpp\MyFormForEditing2.h(641,5): warning C4996: 'strcat': This function or variable may be unsafe. Consider using strcat_s instead. To disable deprecation, use _CRT_SECURE_NO_WARNINGS. See online help for details.
C:\Users\sonya\modernsigninuicpp\modernsigninuicpp\MyFormForEditing2.h(655,25): warning C4477: 'sprintf' : format string '%s' requires an argument of type 'char *', but variadic argument 2 has type 'System::String ^'
C:\Users\sonya\modernsigninuicpp\modernsigninuicpp\MyFormForEditing2.h(657,25): warning C4477: 'sprintf' : format string '%s' requires an argument of type 'char *', but variadic argument 2 has type 'System::String ^'
C:\Users\sonya\modernsigninuicpp\modernsigninuicpp\MyFormForEditing2.h(655,8): warning C4996: 'sprintf': This function or variable may be unsafe. Consider using sprintf_s instead. To disable deprecation, use _CRT_SECURE_NO_WARNINGS. See online help for details.
C:\Users\sonya\modernsigninuicpp\modernsigninuicpp\MyFormForEditing2.h(657,8): warning C4996: 'sprintf': This function or variable may be unsafe. Consider using sprintf_s instead. To disable deprecation, use _CRT_SECURE_NO_WARNINGS. See online help for details.
C:\Users\sonya\modernsigninuicpp\modernsigninuicpp\MyFormForEditing2.h(663,21): warning C4996: 'fopen': This function or variable may be unsafe. Consider using fopen_s instead. To disable deprecation, use _CRT_SECURE_NO_WARNINGS. See online help for details.
C:\Users\sonya\modernsigninuicpp\modernsigninuicpp\MyFormForEditing2.h(673,9): warning C4996: 'strcpy': This function or variable may be unsafe. Consider using strcpy_s instead. To disable deprecation, use _CRT_SECURE_NO_WARNINGS. See online help for details.
C:\Users\sonya\modernsigninuicpp\modernsigninuicpp\MyFormForEditing2.h(678,9): warning C4996: 'strcat': This function or variable may be unsafe. Consider using strcat_s instead. To disable deprecation, use _CRT_SECURE_NO_WARNINGS. See online help for details.
C:\Users\sonya\modernsigninuicpp\modernsigninuicpp\MyFormForEditing2.h(691,24): warning C4477: 'sprintf' : format string '%s' requires an argument of type 'char *', but variadic argument 2 has type 'System::String ^'
C:\Users\sonya\modernsigninuicpp\modernsigninuicpp\MyFormForEditing2.h(693,24): warning C4477: 'sprintf' : format string '%s' requires an argument of type 'char *', but variadic argument 2 has type 'System::String ^'
C:\Users\sonya\modernsigninuicpp\modernsigninuicpp\MyFormForEditing2.h(691,7): warning C4996: 'sprintf': This function or variable may be unsafe. Consider using sprintf_s instead. To disable deprecation, use _CRT_SECURE_NO_WARNINGS. See online help for details.
C:\Users\sonya\modernsigninuicpp\modernsigninuicpp\MyFormForEditing2.h(693,7): warning C4996: 'sprintf': This function or variable may be unsafe. Consider using sprintf_s instead. To disable deprecation, use _CRT_SECURE_NO_WARNINGS. See online help for details.
C:\Users\sonya\modernsigninuicpp\modernsigninuicpp\MyFormForEditing2.h(699,20): warning C4996: 'fopen': This function or variable may be unsafe. Consider using fopen_s instead. To disable deprecation, use _CRT_SECURE_NO_WARNINGS. See online help for details.
C:\Users\sonya\modernsigninuicpp\modernsigninuicpp\MyFormForEditing2.h(709,8): warning C4996: 'strcpy': This function or variable may be unsafe. Consider using strcpy_s instead. To disable deprecation, use _CRT_SECURE_NO_WARNINGS. See online help for details.
C:\Users\sonya\modernsigninuicpp\modernsigninuicpp\MyFormForEditing2.h(714,8): warning C4996: 'strcat': This function or variable may be unsafe. Consider using strcat_s instead. To disable deprecation, use _CRT_SECURE_NO_WARNINGS. See online help for details.
C:\Users\sonya\modernsigninuicpp\modernsigninuicpp\MyFormForEditing.h(9,10): warning C4067: unexpected tokens following preprocessor directive - expected a newline
C:\Users\sonya\modernsigninuicpp\modernsigninuicpp\MyFormForEditing.h(433,16): warning C4477: 'fprintf' : format string '%s' requires an argument of type 'char *', but variadic argument 2 has type 'System::String ^'
C:\Users\sonya\modernsigninuicpp\modernsigninuicpp\MyFormForEditing.h(435,17): warning C4477: 'fprintf' : format string '%s' requires an argument of type 'char *', but variadic argument 3 has type 'System::String ^'
C:\Users\sonya\modernsigninuicpp\modernsigninuicpp\MyFormForEditing.h(437,16): warning C4477: 'fprintf' : format string '%s' requires an argument of type 'char *', but variadic argument 2 has type 'System::String ^'
C:\Users\sonya\modernsigninuicpp\modernsigninuicpp\MyFormForEditing.h(422,13): warning C4996: 'mkdir': The POSIX name for this item is deprecated. Instead, use the ISO C and C++ conformant name: _mkdir. See online help for details.
C:\Users\sonya\modernsigninuicpp\modernsigninuicpp\MyFormForEditing.h(424,3): warning C4996: 'sprintf': This function or variable may be unsafe. Consider using sprintf_s instead. To disable deprecation, use _CRT_SECURE_NO_WARNINGS. See online help for details.
C:\Users\sonya\modernsigninuicpp\modernsigninuicpp\MyFormForEditing.h(428,8): warning C4996: 'fopen': This function or variable may be unsafe. Consider using fopen_s instead. To disable deprecation, use _CRT_SECURE_NO_WARNINGS. See online help for details.
C:\Users\sonya\modernsigninuicpp\modernsigninuicpp\MyFormForEditing.h(490,13): warning C4996: 'mkdir': The POSIX name for this item is deprecated. Instead, use the ISO C and C++ conformant name: _mkdir. See online help for details.
C:\Users\sonya\modernsigninuicpp\modernsigninuicpp\MyFormForEditing.h(492,3): warning C4996: 'sprintf': This function or variable may be unsafe. Consider using sprintf_s instead. To disable deprecation, use _CRT_SECURE_NO_WARNINGS. See online help for details.
C:\Users\sonya\modernsigninuicpp\modernsigninuicpp\MyFormForEditing.h(495,8): warning C4996: 'fopen': This function or variable may be unsafe. Consider using fopen_s instead. To disable deprecation, use _CRT_SECURE_NO_WARNINGS. See online help for details.
C:\Users\sonya\modernsigninuicpp\modernsigninuicpp\MyFormForEditing.h(498,9): warning C4996: 'fopen': This function or variable may be unsafe. Consider using fopen_s instead. To disable deprecation, use _CRT_SECURE_NO_WARNINGS. See online help for details.
C:\Users\sonya\modernsigninuicpp\modernsigninuicpp\MyFormForEditing.h(502,9): warning C4996: 'fopen': This function or variable may be unsafe. Consider using fopen_s instead. To disable deprecation, use _CRT_SECURE_NO_WARNINGS. See online help for details.
C:\Users\sonya\modernsigninuicpp\modernsigninuicpp\MyFormForEditingMain.h(3,10): warning C4067: unexpected tokens following preprocessor directive - expected a newline
C:\Users\sonya\modernsigninuicpp\modernsigninuicpp\MyFormForEditingMain.h(4,10): warning C4067: unexpected tokens following preprocessor directive - expected a newline
C:\Users\sonya\modernsigninuicpp\modernsigninuicpp\MyFormForEditingMain.h(5,10): warning C4067: unexpected tokens following preprocessor directive - expected a newline
C:\Users\sonya\modernsigninuicpp\modernsigninuicpp\MyFormForEditingMain.h(254,2): warning C4996: 'sprintf': This function or variable may be unsafe. Consider using sprintf_s instead. To disable deprecation, use _CRT_SECURE_NO_WARNINGS. See online help for details.
C:\Users\sonya\modernsigninuicpp\modernsigninuicpp\MyFormForEditingMain.h(258,7): warning C4996: 'fopen': This function or variable may be unsafe. Consider using fopen_s instead. To disable deprecation, use _CRT_SECURE_NO_WARNINGS. See online help for details.
C:\Users\sonya\modernsigninuicpp\modernsigninuicpp\MyFormForEditingMain.h(276,2): warning C4996: 'sprintf': This function or variable may be unsafe. Consider using sprintf_s instead. To disable deprecation, use _CRT_SECURE_NO_WARNINGS. See online help for details.
C:\Users\sonya\modernsigninuicpp\modernsigninuicpp\MyFormForEditingMain.h(280,7): warning C4996: 'fopen': This function or variable may be unsafe. Consider using fopen_s instead. To disable deprecation, use _CRT_SECURE_NO_WARNINGS. See online help for details.
C:\Users\sonya\modernsigninuicpp\modernsigninuicpp\MyFormOfMainMenuAdmin.h(230,19): warning C4996: 'mkdir': The POSIX name for this item is deprecated. Instead, use the ISO C and C++ conformant name: _mkdir. See online help for details.
C:\Users\sonya\modernsigninuicpp\modernsigninuicpp\MyFormOfMainMenuAdmin.h(233,4): warning C4996: 'sprintf': This function or variable may be unsafe. Consider using sprintf_s instead. To disable deprecation, use _CRT_SECURE_NO_WARNINGS. See online help for details.
C:\Users\sonya\modernsigninuicpp\modernsigninuicpp\MyFormOfMainMenuAdmin.h(237,15): warning C4996: 'fopen': This function or variable may be unsafe. Consider using fopen_s instead. To disable deprecation, use _CRT_SECURE_NO_WARNINGS. See online help for details.
C:\Users\sonya\modernsigninuicpp\modernsigninuicpp\MyFormOfMainMenuUser.h(2,10): warning C4067: unexpected tokens following preprocessor directive - expected a newline
C:\Users\sonya\modernsigninuicpp\modernsigninuicpp\MyForm.h(540,20): warning C4477: 'sprintf' : format string '%s' requires an argument of type 'char *', but variadic argument 2 has type 'System::String ^'
C:\Users\sonya\modernsigninuicpp\modernsigninuicpp\MyForm.h(540,2): warning C4996: 'sprintf': This function or variable may be unsafe. Consider using sprintf_s instead. To disable deprecation, use _CRT_SECURE_NO_WARNINGS. See online help for details.
C:\Users\sonya\modernsigninuicpp\modernsigninuicpp\MyForm.h(542,13): warning C4996: 'fopen': This function or variable may be unsafe. Consider using fopen_s instead. To disable deprecation, use _CRT_SECURE_NO_WARNINGS. See online help for details.
C:\Users\sonya\modernsigninuicpp\modernsigninuicpp\MyForm.h(549,5): warning C4996: 'sscanf': This function or variable may be unsafe. Consider using sscanf_s instead. To disable deprecation, use _CRT_SECURE_NO_WARNINGS. See online help for details.
C:\Users\sonya\modernsigninuicpp\modernsigninuicpp\MyForm.h(554,5): warning C4996: 'sscanf': This function or variable may be unsafe. Consider using sscanf_s instead. To disable deprecation, use _CRT_SECURE_NO_WARNINGS. See online help for details.
C:\Users\sonya\modernsigninuicpp\modernsigninuicpp\GreetingForm.cpp(7,33): warning C4829: Possibly incorrect parameters to function main. Consider 'int main(Platform::Array<Platform::String^>^ argv)'
  MyForm.cpp
C:\Users\sonya\modernsigninuicpp\modernsigninuicpp\MyForm.h(1,10): warning C4067: unexpected tokens following preprocessor directive - expected a newline
C:\Users\sonya\modernsigninuicpp\modernsigninuicpp\MyFormForRegistration.h(503,21): warning C4477: 'sprintf' : format string '%s' requires an argument of type 'char *', but variadic argument 1 has type 'System::String ^'
C:\Users\sonya\modernsigninuicpp\modernsigninuicpp\MyFormForRegistration.h(506,21): warning C4477: 'sprintf' : format string '%s' requires an argument of type 'char *', but variadic argument 1 has type 'System::String ^'
C:\Users\sonya\modernsigninuicpp\modernsigninuicpp\MyFormForRegistration.h(515,22): warning C4477: 'sprintf' : format string '%s' requires an argument of type 'char *', but variadic argument 2 has type 'System::String ^'
C:\Users\sonya\modernsigninuicpp\modernsigninuicpp\MyFormForRegistration.h(503,3): warning C4996: 'sprintf': This function or variable may be unsafe. Consider using sprintf_s instead. To disable deprecation, use _CRT_SECURE_NO_WARNINGS. See online help for details.
C:\Users\sonya\modernsigninuicpp\modernsigninuicpp\MyFormForRegistration.h(506,3): warning C4996: 'sprintf': This function or variable may be unsafe. Consider using sprintf_s instead. To disable deprecation, use _CRT_SECURE_NO_WARNINGS. See online help for details.
C:\Users\sonya\modernsigninuicpp\modernsigninuicpp\MyFormForRegistration.h(508,3): warning C4996: 'strcpy': This function or variable may be unsafe. Consider using strcpy_s instead. To disable deprecation, use _CRT_SECURE_NO_WARNINGS. See online help for details.
C:\Users\sonya\modernsigninuicpp\modernsigninuicpp\MyFormForRegistration.h(509,3): warning C4996: 'strcpy': This function or variable may be unsafe. Consider using strcpy_s instead. To disable deprecation, use _CRT_SECURE_NO_WARNINGS. See online help for details.
C:\Users\sonya\modernsigninuicpp\modernsigninuicpp\MyFormForRegistration.h(512,18): warning C4996: 'mkdir': The POSIX name for this item is deprecated. Instead, use the ISO C and C++ conformant name: _mkdir. See online help for details.
C:\Users\sonya\modernsigninuicpp\modernsigninuicpp\MyFormForRegistration.h(515,3): warning C4996: 'sprintf': This function or variable may be unsafe. Consider using sprintf_s instead. To disable deprecation, use _CRT_SECURE_NO_WARNINGS. See online help for details.
C:\Users\sonya\modernsigninuicpp\modernsigninuicpp\MyFormForRegistration.h(522,14): warning C4996: 'fopen': This function or variable may be unsafe. Consider using fopen_s instead. To disable deprecation, use _CRT_SECURE_NO_WARNINGS. See online help for details.
C:\Users\sonya\modernsigninuicpp\modernsigninuicpp\MyFormForRegistration.h(524,9): warning C4996: 'fopen': This function or variable may be unsafe. Consider using fopen_s instead. To disable deprecation, use _CRT_SECURE_NO_WARNINGS. See online help for details.
C:\Users\sonya\modernsigninuicpp\modernsigninuicpp\MyFormOfMainMenuAdmin.h(1,10): warning C4067: unexpected tokens following preprocessor directive - expected a newline
C:\Users\sonya\modernsigninuicpp\modernsigninuicpp\MyFormForTesting.h(377,9): warning C4996: 'fopen': This function or variable may be unsafe. Consider using fopen_s instead. To disable deprecation, use _CRT_SECURE_NO_WARNINGS. See online help for details.
C:\Users\sonya\modernsigninuicpp\modernsigninuicpp\MyFormForTesting.h(385,6): warning C4996: 'sprintf': This function or variable may be unsafe. Consider using sprintf_s instead. To disable deprecation, use _CRT_SECURE_NO_WARNINGS. See online help for details.
C:\Users\sonya\modernsigninuicpp\modernsigninuicpp\MyFormForTesting.h(388,8): warning C4996: 'sscanf': This function or variable may be unsafe. Consider using sscanf_s instead. To disable deprecation, use _CRT_SECURE_NO_WARNINGS. See online help for details.
C:\Users\sonya\modernsigninuicpp\modernsigninuicpp\MyFormForTesting.h(434,9): warning C4996: 'fopen': This function or variable may be unsafe. Consider using fopen_s instead. To disable deprecation, use _CRT_SECURE_NO_WARNINGS. See online help for details.
C:\Users\sonya\modernsigninuicpp\modernsigninuicpp\MyFormForTesting.h(439,5): warning C4996: 'sprintf': This function or variable may be unsafe. Consider using sprintf_s instead. To disable deprecation, use _CRT_SECURE_NO_WARNINGS. See online help for details.
C:\Users\sonya\modernsigninuicpp\modernsigninuicpp\MyFormForTesting.h(442,7): warning C4996: 'sscanf': This function or variable may be unsafe. Consider using sscanf_s instead. To disable deprecation, use _CRT_SECURE_NO_WARNINGS. See online help for details.
C:\Users\sonya\modernsigninuicpp\modernsigninuicpp\MyFormForTesting.h(459,9): warning C4996: 'fopen': This function or variable may be unsafe. Consider using fopen_s instead. To disable deprecation, use _CRT_SECURE_NO_WARNINGS. See online help for details.
C:\Users\sonya\modernsigninuicpp\modernsigninuicpp\MyFormForTesting.h(464,5): warning C4996: 'sprintf': This function or variable may be unsafe. Consider using sprintf_s instead. To disable deprecation, use _CRT_SECURE_NO_WARNINGS. See online help for details.
C:\Users\sonya\modernsigninuicpp\modernsigninuicpp\MyFormForTesting.h(467,7): warning C4996: 'sscanf': This function or variable may be unsafe. Consider using sscanf_s instead. To disable deprecation, use _CRT_SECURE_NO_WARNINGS. See online help for details.
C:\Users\sonya\modernsigninuicpp\modernsigninuicpp\MyFormForTesting.h(481,9): warning C4996: 'fopen': This function or variable may be unsafe. Consider using fopen_s instead. To disable deprecation, use _CRT_SECURE_NO_WARNINGS. See online help for details.
C:\Users\sonya\modernsigninuicpp\modernsigninuicpp\MyFormForTesting.h(486,5): warning C4996: 'sprintf': This function or variable may be unsafe. Consider using sprintf_s instead. To disable deprecation, use _CRT_SECURE_NO_WARNINGS. See online help for details.
C:\Users\sonya\modernsigninuicpp\modernsigninuicpp\MyFormForTesting.h(489,7): warning C4996: 'sscanf': This function or variable may be unsafe. Consider using sscanf_s instead. To disable deprecation, use _CRT_SECURE_NO_WARNINGS. See online help for details.
C:\Users\sonya\modernsigninuicpp\modernsigninuicpp\MyFormForTesting.h(501,9): warning C4996: 'fopen': This function or variable may be unsafe. Consider using fopen_s instead. To disable deprecation, use _CRT_SECURE_NO_WARNINGS. See online help for details.
C:\Users\sonya\modernsigninuicpp\modernsigninuicpp\MyFormForTesting.h(506,11): warning C4996: 'sscanf': This function or variable may be unsafe. Consider using sscanf_s instead. To disable deprecation, use _CRT_SECURE_NO_WARNINGS. See online help for details.
C:\Users\sonya\modernsigninuicpp\modernsigninuicpp\MyFormForTesting.h(682,21): warning C4477: 'sprintf' : format string '%s' requires an argument of type 'char *', but variadic argument 2 has type 'System::String ^'
C:\Users\sonya\modernsigninuicpp\modernsigninuicpp\MyFormForTesting.h(694,16): warning C4477: 'fprintf' : format string '%s' requires an argument of type 'char *', but variadic argument 2 has type 'System::String ^'
C:\Users\sonya\modernsigninuicpp\modernsigninuicpp\MyFormForTesting.h(696,17): warning C4477: 'fprintf' : format string '%s' requires an argument of type 'char *', but variadic argument 2 has type 'System::String ^'
C:\Users\sonya\modernsigninuicpp\modernsigninuicpp\MyFormForTesting.h(680,12): warning C4996: 'mkdir': The POSIX name for this item is deprecated. Instead, use the ISO C and C++ conformant name: _mkdir. See online help for details.
C:\Users\sonya\modernsigninuicpp\modernsigninuicpp\MyFormForTesting.h(682,2): warning C4996: 'sprintf': This function or variable may be unsafe. Consider using sprintf_s instead. To disable deprecation, use _CRT_SECURE_NO_WARNINGS. See online help for details.
C:\Users\sonya\modernsigninuicpp\modernsigninuicpp\MyFormForTesting.h(685,7): warning C4996: 'fopen': This function or variable may be unsafe. Consider using fopen_s instead. To disable deprecation, use _CRT_SECURE_NO_WARNINGS. See online help for details.
C:\Users\sonya\modernsigninuicpp\modernsigninuicpp\MyFormForTesting.h(717,11): warning C4996: 'fopen': This function or variable may be unsafe. Consider using fopen_s instead. To disable deprecation, use _CRT_SECURE_NO_WARNINGS. See online help for details.
C:\Users\sonya\modernsigninuicpp\modernsigninuicpp\MyFormForTesting.h(722,7): warning C4996: 'sprintf': This function or variable may be unsafe. Consider using sprintf_s instead. To disable deprecation, use _CRT_SECURE_NO_WARNINGS. See online help for details.
C:\Users\sonya\modernsigninuicpp\modernsigninuicpp\MyFormForTesting.h(726,9): warning C4996: 'sscanf': This function or variable may be unsafe. Consider using sscanf_s instead. To disable deprecation, use _CRT_SECURE_NO_WARNINGS. See online help for details.
C:\Users\sonya\modernsigninuicpp\modernsigninuicpp\MyFormForTesting.h(738,22): warning C4477: 'sprintf' : format string '%s' requires an argument of type 'char *', but variadic argument 2 has type 'System::String ^'
C:\Users\sonya\modernsigninuicpp\modernsigninuicpp\MyFormForTesting.h(738,6): warning C4996: 'sprintf': This function or variable may be unsafe. Consider using sprintf_s instead. To disable deprecation, use _CRT_SECURE_NO_WARNINGS. See online help for details.
C:\Users\sonya\modernsigninuicpp\modernsigninuicpp\MyFormForTesting.h(741,11): warning C4996: 'fopen': This function or variable may be unsafe. Consider using fopen_s instead. To disable deprecation, use _CRT_SECURE_NO_WARNINGS. See online help for details.
C:\Users\sonya\modernsigninuicpp\modernsigninuicpp\MyFormForTesting.h(746,7): warning C4996: 'sprintf': This function or variable may be unsafe. Consider using sprintf_s instead. To disable deprecation, use _CRT_SECURE_NO_WARNINGS. See online help for details.
C:\Users\sonya\modernsigninuicpp\modernsigninuicpp\MyFormForTesting.h(749,9): warning C4996: 'sscanf': This function or variable may be unsafe. Consider using sscanf_s instead. To disable deprecation, use _CRT_SECURE_NO_WARNINGS. See online help for details.
C:\Users\sonya\modernsigninuicpp\modernsigninuicpp\MyFormOfMainMenuAdmin.h(2,10): warning C4067: unexpected tokens following preprocessor directive - expected a newline
C:\Users\sonya\modernsigninuicpp\modernsigninuicpp\MyFormForEditingMain.h(2,10): warning C4067: unexpected tokens following preprocessor directive - expected a newline
C:\Users\sonya\modernsigninuicpp\modernsigninuicpp\MyFormForEditing.h(8,10): warning C4067: unexpected tokens following preprocessor directive - expected a newline
C:\Users\sonya\modernsigninuicpp\modernsigninuicpp\MyFormForEditing3.h(1,10): warning C4067: unexpected tokens following preprocessor directive - expected a newline
C:\Users\sonya\modernsigninuicpp\modernsigninuicpp\MyFormForEditing4.h(172,20): warning C4477: 'fprintf' : format string '%s' requires an argument of type 'char *', but variadic argument 1 has type 'System::String ^'
C:\Users\sonya\modernsigninuicpp\modernsigninuicpp\MyFormForEditing4.h(169,12): warning C4996: 'fopen': This function or variable may be unsafe. Consider using fopen_s instead. To disable deprecation, use _CRT_SECURE_NO_WARNINGS. See online help for details.
C:\Users\sonya\modernsigninuicpp\modernsigninuicpp\MyFormForEditing4.h(187,20): warning C4996: 'mkdir': The POSIX name for this item is deprecated. Instead, use the ISO C and C++ conformant name: _mkdir. See online help for details.
C:\Users\sonya\modernsigninuicpp\modernsigninuicpp\MyFormForEditing4.h(191,7): warning C4996: 'sprintf': This function or variable may be unsafe. Consider using sprintf_s instead. To disable deprecation, use _CRT_SECURE_NO_WARNINGS. See online help for details.
C:\Users\sonya\modernsigninuicpp\modernsigninuicpp\MyFormForEditing4.h(192,12): warning C4996: 'fopen': This function or variable may be unsafe. Consider using fopen_s instead. To disable deprecation, use _CRT_SECURE_NO_WARNINGS. See online help for details.
C:\Users\sonya\modernsigninuicpp\modernsigninuicpp\MyFormForEditing4.h(202,23): warning C4477: 'sprintf' : format string '%s' requires an argument of type 'char *', but variadic argument 2 has type 'System::String ^'
C:\Users\sonya\modernsigninuicpp\modernsigninuicpp\MyFormForEditing4.h(202,7): warning C4996: 'sprintf': This function or variable may be unsafe. Consider using sprintf_s instead. To disable deprecation, use _CRT_SECURE_NO_WARNINGS. See online help for details.
C:\Users\sonya\modernsigninuicpp\modernsigninuicpp\MyFormForEditing4.h(205,12): warning C4996: 'fopen': This function or variable may be unsafe. Consider using fopen_s instead. To disable deprecation, use _CRT_SECURE_NO_WARNINGS. See online help for details.
C:\Users\sonya\modernsigninuicpp\modernsigninuicpp\MyFormForEditing4.h(210,8): warning C4996: 'sprintf': This function or variable may be unsafe. Consider using sprintf_s instead. To disable deprecation, use _CRT_SECURE_NO_WARNINGS. See online help for details.
C:\Users\sonya\modernsigninuicpp\modernsigninuicpp\MyFormForEditing4.h(213,10): warning C4996: 'sscanf': This function or variable may be unsafe. Consider using sscanf_s instead. To disable deprecation, use _CRT_SECURE_NO_WARNINGS. See online help for details.
C:\Users\sonya\modernsigninuicpp\modernsigninuicpp\MyFormForEditing4.h(228,12): warning C4996: 'fopen': This function or variable may be unsafe. Consider using fopen_s instead. To disable deprecation, use _CRT_SECURE_NO_WARNINGS. See online help for details.
C:\Users\sonya\modernsigninuicpp\modernsigninuicpp\MyFormForEditing4.h(233,8): warning C4996: 'sprintf': This function or variable may be unsafe. Consider using sprintf_s instead. To disable deprecation, use _CRT_SECURE_NO_WARNINGS. See online help for details.
C:\Users\sonya\modernsigninuicpp\modernsigninuicpp\MyFormForEditing4.h(237,10): warning C4996: 'sscanf': This function or variable may be unsafe. Consider using sscanf_s instead. To disable deprecation, use _CRT_SECURE_NO_WARNINGS. See online help for details.
C:\Users\sonya\modernsigninuicpp\modernsigninuicpp\MyFormForEditing4.h(251,12): warning C4996: 'fopen': This function or variable may be unsafe. Consider using fopen_s instead. To disable deprecation, use _CRT_SECURE_NO_WARNINGS. See online help for details.
C:\Users\sonya\modernsigninuicpp\modernsigninuicpp\MyFormForEditing4.h(256,13): warning C4996: 'sscanf': This function or variable may be unsafe. Consider using sscanf_s instead. To disable deprecation, use _CRT_SECURE_NO_WARNINGS. See online help for details.
C:\Users\sonya\modernsigninuicpp\modernsigninuicpp\MyFormForEditing4.h(273,7): warning C4996: 'sprintf': This function or variable may be unsafe. Consider using sprintf_s instead. To disable deprecation, use _CRT_SECURE_NO_WARNINGS. See online help for details.
C:\Users\sonya\modernsigninuicpp\modernsigninuicpp\MyFormForEditing4.h(299,7): warning C4996: 'sprintf': This function or variable may be unsafe. Consider using sprintf_s instead. To disable deprecation, use _CRT_SECURE_NO_WARNINGS. See online help for details.
C:\Users\sonya\modernsigninuicpp\modernsigninuicpp\MyFormForEditing3.h(233,16): warning C4477: 'fprintf' : format string '%s' requires an argument of type 'char *', but variadic argument 1 has type 'System::String ^'
C:\Users\sonya\modernsigninuicpp\modernsigninuicpp\MyFormForEditing3.h(234,16): warning C4477: 'fprintf' : format string '%s' requires an argument of type 'char *', but variadic argument 1 has type 'System::String ^'
C:\Users\sonya\modernsigninuicpp\modernsigninuicpp\MyFormForEditing3.h(224,3): warning C4996: 'sprintf': This function or variable may be unsafe. Consider using sprintf_s instead. To disable deprecation, use _CRT_SECURE_NO_WARNINGS. See online help for details.
C:\Users\sonya\modernsigninuicpp\modernsigninuicpp\MyFormForEditing3.h(228,8): warning C4996: 'fopen': This function or variable may be unsafe. Consider using fopen_s instead. To disable deprecation, use _CRT_SECURE_NO_WARNINGS. See online help for details.
C:\Users\sonya\modernsigninuicpp\modernsigninuicpp\MyFormForEditing2.h(432,11): warning C4996: 'fopen': This function or variable may be unsafe. Consider using fopen_s instead. To disable deprecation, use _CRT_SECURE_NO_WARNINGS. See online help for details.
C:\Users\sonya\modernsigninuicpp\modernsigninuicpp\MyFormForEditing2.h(440,8): warning C4996: 'sprintf': This function or variable may be unsafe. Consider using sprintf_s instead. To disable deprecation, use _CRT_SECURE_NO_WARNINGS. See online help for details.
C:\Users\sonya\modernsigninuicpp\modernsigninuicpp\MyFormForEditing2.h(443,10): warning C4996: 'sscanf': This function or variable may be unsafe. Consider using sscanf_s instead. To disable deprecation, use _CRT_SECURE_NO_WARNINGS. See online help for details.
C:\Users\sonya\modernsigninuicpp\modernsigninuicpp\MyFormForEditing2.h(458,11): warning C4996: 'fopen': This function or variable may be unsafe. Consider using fopen_s instead. To disable deprecation, use _CRT_SECURE_NO_WARNINGS. See online help for details.
C:\Users\sonya\modernsigninuicpp\modernsigninuicpp\MyFormForEditing2.h(463,7): warning C4996: 'sprintf': This function or variable may be unsafe. Consider using sprintf_s instead. To disable deprecation, use _CRT_SECURE_NO_WARNINGS. See online help for details.
C:\Users\sonya\modernsigninuicpp\modernsigninuicpp\MyFormForEditing2.h(466,9): warning C4996: 'sscanf': This function or variable may be unsafe. Consider using sscanf_s instead. To disable deprecation, use _CRT_SECURE_NO_WARNINGS. See online help for details.
C:\Users\sonya\modernsigninuicpp\modernsigninuicpp\MyFormForEditing2.h(479,11): warning C4996: 'fopen': This function or variable may be unsafe. Consider using fopen_s instead. To disable deprecation, use _CRT_SECURE_NO_WARNINGS. See online help for details.
C:\Users\sonya\modernsigninuicpp\modernsigninuicpp\MyFormForEditing2.h(484,7): warning C4996: 'sprintf': This function or variable may be unsafe. Consider using sprintf_s instead. To disable deprecation, use _CRT_SECURE_NO_WARNINGS. See online help for details.
C:\Users\sonya\modernsigninuicpp\modernsigninuicpp\MyFormForEditing2.h(487,9): warning C4996: 'sscanf': This function or variable may be unsafe. Consider using sscanf_s instead. To disable deprecation, use _CRT_SECURE_NO_WARNINGS. See online help for details.
C:\Users\sonya\modernsigninuicpp\modernsigninuicpp\MyFormForEditing2.h(499,11): warning C4996: 'fopen': This function or variable may be unsafe. Consider using fopen_s instead. To disable deprecation, use _CRT_SECURE_NO_WARNINGS. See online help for details.
C:\Users\sonya\modernsigninuicpp\modernsigninuicpp\MyFormForEditing2.h(504,12): warning C4996: 'sscanf': This function or variable may be unsafe. Consider using sscanf_s instead. To disable deprecation, use _CRT_SECURE_NO_WARNINGS. See online help for details.
C:\Users\sonya\modernsigninuicpp\modernsigninuicpp\MyFormForEditing2.h(620,21): warning C4477: 'sprintf' : format string '%s' requires an argument of type 'char *', but variadic argument 3 has type 'System::String ^'
C:\Users\sonya\modernsigninuicpp\modernsigninuicpp\MyFormForEditing2.h(622,21): warning C4477: 'sprintf' : format string '%s' requires an argument of type 'char *', but variadic argument 3 has type 'System::String ^'
C:\Users\sonya\modernsigninuicpp\modernsigninuicpp\MyFormForEditing2.h(620,4): warning C4996: 'sprintf': This function or variable may be unsafe. Consider using sprintf_s instead. To disable deprecation, use _CRT_SECURE_NO_WARNINGS. See online help for details.
C:\Users\sonya\modernsigninuicpp\modernsigninuicpp\MyFormForEditing2.h(622,4): warning C4996: 'sprintf': This function or variable may be unsafe. Consider using sprintf_s instead. To disable deprecation, use _CRT_SECURE_NO_WARNINGS. See online help for details.
C:\Users\sonya\modernsigninuicpp\modernsigninuicpp\MyFormForEditing2.h(626,17): warning C4996: 'fopen': This function or variable may be unsafe. Consider using fopen_s instead. To disable deprecation, use _CRT_SECURE_NO_WARNINGS. See online help for details.
C:\Users\sonya\modernsigninuicpp\modernsigninuicpp\MyFormForEditing2.h(636,5): warning C4996: 'strcpy': This function or variable may be unsafe. Consider using strcpy_s instead. To disable deprecation, use _CRT_SECURE_NO_WARNINGS. See online help for details.
C:\Users\sonya\modernsigninuicpp\modernsigninuicpp\MyFormForEditing2.h(641,5): warning C4996: 'strcat': This function or variable may be unsafe. Consider using strcat_s instead. To disable deprecation, use _CRT_SECURE_NO_WARNINGS. See online help for details.
C:\Users\sonya\modernsigninuicpp\modernsigninuicpp\MyFormForEditing2.h(655,25): warning C4477: 'sprintf' : format string '%s' requires an argument of type 'char *', but variadic argument 2 has type 'System::String ^'
C:\Users\sonya\modernsigninuicpp\modernsigninuicpp\MyFormForEditing2.h(657,25): warning C4477: 'sprintf' : format string '%s' requires an argument of type 'char *', but variadic argument 2 has type 'System::String ^'
C:\Users\sonya\modernsigninuicpp\modernsigninuicpp\MyFormForEditing2.h(655,8): warning C4996: 'sprintf': This function or variable may be unsafe. Consider using sprintf_s instead. To disable deprecation, use _CRT_SECURE_NO_WARNINGS. See online help for details.
C:\Users\sonya\modernsigninuicpp\modernsigninuicpp\MyFormForEditing2.h(657,8): warning C4996: 'sprintf': This function or variable may be unsafe. Consider using sprintf_s instead. To disable deprecation, use _CRT_SECURE_NO_WARNINGS. See online help for details.
C:\Users\sonya\modernsigninuicpp\modernsigninuicpp\MyFormForEditing2.h(663,21): warning C4996: 'fopen': This function or variable may be unsafe. Consider using fopen_s instead. To disable deprecation, use _CRT_SECURE_NO_WARNINGS. See online help for details.
C:\Users\sonya\modernsigninuicpp\modernsigninuicpp\MyFormForEditing2.h(673,9): warning C4996: 'strcpy': This function or variable may be unsafe. Consider using strcpy_s instead. To disable deprecation, use _CRT_SECURE_NO_WARNINGS. See online help for details.
C:\Users\sonya\modernsigninuicpp\modernsigninuicpp\MyFormForEditing2.h(678,9): warning C4996: 'strcat': This function or variable may be unsafe. Consider using strcat_s instead. To disable deprecation, use _CRT_SECURE_NO_WARNINGS. See online help for details.
C:\Users\sonya\modernsigninuicpp\modernsigninuicpp\MyFormForEditing2.h(691,24): warning C4477: 'sprintf' : format string '%s' requires an argument of type 'char *', but variadic argument 2 has type 'System::String ^'
C:\Users\sonya\modernsigninuicpp\modernsigninuicpp\MyFormForEditing2.h(693,24): warning C4477: 'sprintf' : format string '%s' requires an argument of type 'char *', but variadic argument 2 has type 'System::String ^'
C:\Users\sonya\modernsigninuicpp\modernsigninuicpp\MyFormForEditing2.h(691,7): warning C4996: 'sprintf': This function or variable may be unsafe. Consider using sprintf_s instead. To disable deprecation, use _CRT_SECURE_NO_WARNINGS. See online help for details.
C:\Users\sonya\modernsigninuicpp\modernsigninuicpp\MyFormForEditing2.h(693,7): warning C4996: 'sprintf': This function or variable may be unsafe. Consider using sprintf_s instead. To disable deprecation, use _CRT_SECURE_NO_WARNINGS. See online help for details.
C:\Users\sonya\modernsigninuicpp\modernsigninuicpp\MyFormForEditing2.h(699,20): warning C4996: 'fopen': This function or variable may be unsafe. Consider using fopen_s instead. To disable deprecation, use _CRT_SECURE_NO_WARNINGS. See online help for details.
C:\Users\sonya\modernsigninuicpp\modernsigninuicpp\MyFormForEditing2.h(709,8): warning C4996: 'strcpy': This function or variable may be unsafe. Consider using strcpy_s instead. To disable deprecation, use _CRT_SECURE_NO_WARNINGS. See online help for details.
C:\Users\sonya\modernsigninuicpp\modernsigninuicpp\MyFormForEditing2.h(714,8): warning C4996: 'strcat': This function or variable may be unsafe. Consider using strcat_s instead. To disable deprecation, use _CRT_SECURE_NO_WARNINGS. See online help for details.
C:\Users\sonya\modernsigninuicpp\modernsigninuicpp\MyFormForEditing.h(9,10): warning C4067: unexpected tokens following preprocessor directive - expected a newline
C:\Users\sonya\modernsigninuicpp\modernsigninuicpp\MyFormForEditing.h(433,16): warning C4477: 'fprintf' : format string '%s' requires an argument of type 'char *', but variadic argument 2 has type 'System::String ^'
C:\Users\sonya\modernsigninuicpp\modernsigninuicpp\MyFormForEditing.h(435,17): warning C4477: 'fprintf' : format string '%s' requires an argument of type 'char *', but variadic argument 3 has type 'System::String ^'
C:\Users\sonya\modernsigninuicpp\modernsigninuicpp\MyFormForEditing.h(437,16): warning C4477: 'fprintf' : format string '%s' requires an argument of type 'char *', but variadic argument 2 has type 'System::String ^'
C:\Users\sonya\modernsigninuicpp\modernsigninuicpp\MyFormForEditing.h(422,13): warning C4996: 'mkdir': The POSIX name for this item is deprecated. Instead, use the ISO C and C++ conformant name: _mkdir. See online help for details.
C:\Users\sonya\modernsigninuicpp\modernsigninuicpp\MyFormForEditing.h(424,3): warning C4996: 'sprintf': This function or variable may be unsafe. Consider using sprintf_s instead. To disable deprecation, use _CRT_SECURE_NO_WARNINGS. See online help for details.
C:\Users\sonya\modernsigninuicpp\modernsigninuicpp\MyFormForEditing.h(428,8): warning C4996: 'fopen': This function or variable may be unsafe. Consider using fopen_s instead. To disable deprecation, use _CRT_SECURE_NO_WARNINGS. See online help for details.
C:\Users\sonya\modernsigninuicpp\modernsigninuicpp\MyFormForEditing.h(490,13): warning C4996: 'mkdir': The POSIX name for this item is deprecated. Instead, use the ISO C and C++ conformant name: _mkdir. See online help for details.
C:\Users\sonya\modernsigninuicpp\modernsigninuicpp\MyFormForEditing.h(492,3): warning C4996: 'sprintf': This function or variable may be unsafe. Consider using sprintf_s instead. To disable deprecation, use _CRT_SECURE_NO_WARNINGS. See online help for details.
C:\Users\sonya\modernsigninuicpp\modernsigninuicpp\MyFormForEditing.h(495,8): warning C4996: 'fopen': This function or variable may be unsafe. Consider using fopen_s instead. To disable deprecation, use _CRT_SECURE_NO_WARNINGS. See online help for details.
C:\Users\sonya\modernsigninuicpp\modernsigninuicpp\MyFormForEditing.h(498,9): warning C4996: 'fopen': This function or variable may be unsafe. Consider using fopen_s instead. To disable deprecation, use _CRT_SECURE_NO_WARNINGS. See online help for details.
C:\Users\sonya\modernsigninuicpp\modernsigninuicpp\MyFormForEditing.h(502,9): warning C4996: 'fopen': This function or variable may be unsafe. Consider using fopen_s instead. To disable deprecation, use _CRT_SECURE_NO_WARNINGS. See online help for details.
C:\Users\sonya\modernsigninuicpp\modernsigninuicpp\MyFormForEditingMain.h(3,10): warning C4067: unexpected tokens following preprocessor directive - expected a newline
C:\Users\sonya\modernsigninuicpp\modernsigninuicpp\MyFormForEditingMain.h(4,10): warning C4067: unexpected tokens following preprocessor directive - expected a newline
C:\Users\sonya\modernsigninuicpp\modernsigninuicpp\MyFormForEditingMain.h(5,10): warning C4067: unexpected tokens following preprocessor directive - expected a newline
C:\Users\sonya\modernsigninuicpp\modernsigninuicpp\MyFormForEditingMain.h(254,2): warning C4996: 'sprintf': This function or variable may be unsafe. Consider using sprintf_s instead. To disable deprecation, use _CRT_SECURE_NO_WARNINGS. See online help for details.
C:\Users\sonya\modernsigninuicpp\modernsigninuicpp\MyFormForEditingMain.h(258,7): warning C4996: 'fopen': This function or variable may be unsafe. Consider using fopen_s instead. To disable deprecation, use _CRT_SECURE_NO_WARNINGS. See online help for details.
C:\Users\sonya\modernsigninuicpp\modernsigninuicpp\MyFormForEditingMain.h(276,2): warning C4996: 'sprintf': This function or variable may be unsafe. Consider using sprintf_s instead. To disable deprecation, use _CRT_SECURE_NO_WARNINGS. See online help for details.
C:\Users\sonya\modernsigninuicpp\modernsigninuicpp\MyFormForEditingMain.h(280,7): warning C4996: 'fopen': This function or variable may be unsafe. Consider using fopen_s instead. To disable deprecation, use _CRT_SECURE_NO_WARNINGS. See online help for details.
C:\Users\sonya\modernsigninuicpp\modernsigninuicpp\MyFormOfMainMenuAdmin.h(230,19): warning C4996: 'mkdir': The POSIX name for this item is deprecated. Instead, use the ISO C and C++ conformant name: _mkdir. See online help for details.
C:\Users\sonya\modernsigninuicpp\modernsigninuicpp\MyFormOfMainMenuAdmin.h(233,4): warning C4996: 'sprintf': This function or variable may be unsafe. Consider using sprintf_s instead. To disable deprecation, use _CRT_SECURE_NO_WARNINGS. See online help for details.
C:\Users\sonya\modernsigninuicpp\modernsigninuicpp\MyFormOfMainMenuAdmin.h(237,15): warning C4996: 'fopen': This function or variable may be unsafe. Consider using fopen_s instead. To disable deprecation, use _CRT_SECURE_NO_WARNINGS. See online help for details.
C:\Users\sonya\modernsigninuicpp\modernsigninuicpp\MyFormOfMainMenuUser.h(2,10): warning C4067: unexpected tokens following preprocessor directive - expected a newline
C:\Users\sonya\modernsigninuicpp\modernsigninuicpp\MyForm.h(540,20): warning C4477: 'sprintf' : format string '%s' requires an argument of type 'char *', but variadic argument 2 has type 'System::String ^'
C:\Users\sonya\modernsigninuicpp\modernsigninuicpp\MyForm.h(540,2): warning C4996: 'sprintf': This function or variable may be unsafe. Consider using sprintf_s instead. To disable deprecation, use _CRT_SECURE_NO_WARNINGS. See online help for details.
C:\Users\sonya\modernsigninuicpp\modernsigninuicpp\MyForm.h(542,13): warning C4996: 'fopen': This function or variable may be unsafe. Consider using fopen_s instead. To disable deprecation, use _CRT_SECURE_NO_WARNINGS. See online help for details.
C:\Users\sonya\modernsigninuicpp\modernsigninuicpp\MyForm.h(549,5): warning C4996: 'sscanf': This function or variable may be unsafe. Consider using sscanf_s instead. To disable deprecation, use _CRT_SECURE_NO_WARNINGS. See online help for details.
C:\Users\sonya\modernsigninuicpp\modernsigninuicpp\MyForm.h(554,5): warning C4996: 'sscanf': This function or variable may be unsafe. Consider using sscanf_s instead. To disable deprecation, use _CRT_SECURE_NO_WARNINGS. See online help for details.
  Generating Code...
  GreetingForm.obj : MSIL module encountered; incremental linking is disabled for MSIL; performing full link
  modernsigninuicpp.vcxproj -> C:\Users\sonya\modernsigninuicpp\x64\Debug\modernsigninuicpp.exe
